2025-03-29T21:00:02.557+03:00  INFO 1228 --- [event-app] [main] o.xaxaton.event_app.EventAppApplication  : Starting EventAppApplication using Java 21.0.1 with PID 1228 (C:\Users\r0mberg\Documents\Dev\Java\xaxaton-event\xaxaton-event-app\target\classes started by r0mberg in C:\Users\r0mberg\Documents\Dev\Java\xaxaton-event\xaxaton-event-app)
2025-03-29T21:00:02.559+03:00  INFO 1228 --- [event-app] [main] o.xaxaton.event_app.EventAppApplication  : The following 1 profile is active: "dev"
2025-03-29T21:00:03.216+03:00  INFO 1228 --- [event-app] [main] .s.d.r.c.RepositoryConfigurationDelegate : Bootstrapping Spring Data JPA repositories in DEFAULT mode.
2025-03-29T21:00:03.261+03:00  INFO 1228 --- [event-app] [main] .s.d.r.c.RepositoryConfigurationDelegate : Finished Spring Data repository scanning in 37 ms. Found 4 JPA repository interfaces.
2025-03-29T21:00:03.715+03:00  INFO 1228 --- [event-app] [main] o.s.b.w.embedded.tomcat.TomcatWebServer  : Tomcat initialized with port 14000 (http)
2025-03-29T21:00:03.727+03:00  INFO 1228 --- [event-app] [main] o.apache.catalina.core.StandardService   : Starting service [Tomcat]
2025-03-29T21:00:03.728+03:00  INFO 1228 --- [event-app] [main] o.apache.catalina.core.StandardEngine    : Starting Servlet engine: [Apache Tomcat/10.1.39]
2025-03-29T21:00:03.772+03:00  INFO 1228 --- [event-app] [main] o.a.c.c.C.[Tomcat].[localhost].[/]       : Initializing Spring embedded WebApplicationContext
2025-03-29T21:00:03.772+03:00  INFO 1228 --- [event-app] [main] w.s.c.ServletWebServerApplicationContext : Root WebApplicationContext: initialization completed in 1178 ms
2025-03-29T21:00:03.917+03:00  INFO 1228 --- [event-app] [main] o.hibernate.jpa.internal.util.LogHelper  : HHH000204: Processing PersistenceUnitInfo [name: default]
2025-03-29T21:00:03.964+03:00  INFO 1228 --- [event-app] [main] org.hibernate.Version                    : HHH000412: Hibernate ORM core version 6.6.11.Final
2025-03-29T21:00:03.993+03:00  INFO 1228 --- [event-app] [main] o.h.c.internal.RegionFactoryInitiator    : HHH000026: Second-level cache disabled
2025-03-29T21:00:04.230+03:00  INFO 1228 --- [event-app] [main] o.s.o.j.p.SpringPersistenceUnitInfo      : No LoadTimeWeaver setup: ignoring JPA class transformer
2025-03-29T21:00:04.253+03:00  INFO 1228 --- [event-app] [main] com.zaxxer.hikari.HikariDataSource       : HikariPool-1 - Starting...
2025-03-29T21:00:04.376+03:00  INFO 1228 --- [event-app] [main] com.zaxxer.hikari.pool.HikariPool        : HikariPool-1 - Added connection org.postgresql.jdbc.PgConnection@5df64b2a
2025-03-29T21:00:04.378+03:00  INFO 1228 --- [event-app] [main] com.zaxxer.hikari.HikariDataSource       : HikariPool-1 - Start completed.
2025-03-29T21:00:04.401+03:00  WARN 1228 --- [event-app] [main] org.hibernate.orm.deprecation            : HHH90000025: PostgreSQLDialect does not need to be specified explicitly using 'hibernate.dialect' (remove the property setting and it will be selected by default)
2025-03-29T21:00:04.417+03:00  INFO 1228 --- [event-app] [main] org.hibernate.orm.connections.pooling    : HHH10001005: Database info:
	Database JDBC URL [Connecting through datasource 'HikariDataSource (HikariPool-1)']
	Database driver: undefined/unknown
	Database version: 16.0
	Autocommit mode: undefined/unknown
	Isolation level: undefined/unknown
	Minimum pool size: undefined/unknown
	Maximum pool size: undefined/unknown
2025-03-29T21:00:05.072+03:00  INFO 1228 --- [event-app] [main] o.h.e.t.j.p.i.JtaPlatformInitiator       : HHH000489: No JTA platform available (set 'hibernate.transaction.jta.platform' to enable JTA platform integration)
2025-03-29T21:00:05.389+03:00  INFO 1228 --- [event-app] [main] j.LocalContainerEntityManagerFactoryBean : Initialized JPA EntityManagerFactory for persistence unit 'default'
2025-03-29T21:00:05.595+03:00  INFO 1228 --- [event-app] [main] o.s.d.j.r.query.QueryEnhancerFactory     : Hibernate is in classpath; If applicable, HQL parser will be used.
2025-03-29T21:00:06.303+03:00  WARN 1228 --- [event-app] [main] JpaBaseConfiguration$JpaWebConfiguration : spring.jpa.open-in-view is enabled by default. Therefore, database queries may be performed during view rendering. Explicitly configure spring.jpa.open-in-view to disable this warning
2025-03-29T21:00:06.665+03:00  INFO 1228 --- [event-app] [main] o.s.b.w.embedded.tomcat.TomcatWebServer  : Tomcat started on port 14000 (http) with context path '/'
2025-03-29T21:00:06.672+03:00  INFO 1228 --- [event-app] [main] o.xaxaton.event_app.EventAppApplication  : Started EventAppApplication in 4.47 seconds (process running for 4.755)
2025-03-29T21:00:54.631+03:00  INFO 1228 --- [event-app] [SpringApplicationShutdownHook] o.s.b.w.e.tomcat.GracefulShutdown        : Commencing graceful shutdown. Waiting for active requests to complete
2025-03-29T21:00:54.634+03:00  INFO 1228 --- [event-app] [tomcat-shutdown] o.s.b.w.e.tomcat.GracefulShutdown        : Graceful shutdown complete
2025-03-29T21:00:54.640+03:00  INFO 1228 --- [event-app] [SpringApplicationShutdownHook] j.LocalContainerEntityManagerFactoryBean : Closing JPA EntityManagerFactory for persistence unit 'default'
2025-03-29T21:00:54.640+03:00  INFO 1228 --- [event-app] [SpringApplicationShutdownHook] com.zaxxer.hikari.HikariDataSource       : HikariPool-1 - Shutdown initiated...
2025-03-29T21:00:54.648+03:00  INFO 1228 --- [event-app] [SpringApplicationShutdownHook] com.zaxxer.hikari.HikariDataSource       : HikariPool-1 - Shutdown completed.
